<!DOCTYPE html>
<html>
<head>
    <title>Unittest Results</title>
    <meta charset="utf-8">
    <meta name="viewport" content="width=device-width, initial-scale=1.0">
    <link rel="stylesheet" href="https://maxcdn.bootstrapcdn.com/bootstrap/3.3.6/css/bootstrap.min.css" integrity="sha384-1q8mTJOASx8j1Au+a5WDVnPi2lkFfwwEAa8hDDdjZlpLegxhjVME1fgjWPGmkzs7" crossorigin="anonymous">
</head>
<body>
    <div class="container">
        <div class="row">
            <div class="col-xs-12">
                <h2 class="text-capitalize">Unittest Results</h2>
                <p class='attribute'><strong>Start Time: </strong>2021-05-08 07:47:35</p>
                <p class='attribute'><strong>Duration: </strong>199.69 s</p>
                <p class='attribute'><strong>Summary: </strong>Total: 7, Pass: 3, Fail: 3, Error: 1</p>
            </div>
        </div>
        <div class="row">
            <div class="col-xs-12 col-sm-10 col-md-10">
                <table class='table table-hover table-responsive'>
                    <thead>
                        <tr>
                            <th>AndroidMain.FlickrLoginAndroid</th>
                            <th>Status</th>
                            <th></th>
                        </tr>
                    </thead>
                    <tbody>
                        <tr class='danger'>
                            <td class="col-xs-10">test_no_email</td>
                            <td class="col-xs-1">
                                <span class="label label-danger" style="display:block;width:40px;">Fail</span>
                            </td>
                            <td class="col-xs-1">
                                <button class="btn btn-default btn-xs">View</button>
                            </td>
                        </tr>
                        <tr style="display:none;">
                            <td class="col-xs-9" colspan="3"><p style="color:maroon;">AssertionError: False is not true</p><p style="color:maroon;">Traceback (most recent call last):
  File "D:\gam3a\software\Flickr-Testing-\Android App\AndroidMain.py", line 103, in test_no_email
    self.assertTrue(login_page.no_email())
AssertionError: False is not true
</p>
                            </td>
                        </tr>
                        <tr class='warning'>
                            <td class="col-xs-10">test_no_password</td>
                            <td class="col-xs-1">
                                <span class="label label-warning" style="display:block;width:40px;">Error</span>
                            </td>
                            <td class="col-xs-1">
                                <button class="btn btn-default btn-xs">View</button>
                            </td>
                        </tr>
                        <tr style="display:none;">
                            <td class="col-xs-9" colspan="3"><p style="color:maroon;">NoSuchElementException: Message: An element could not be located on the page using the given search parameters.
</p><p style="color:maroon;">Traceback (most recent call last):
  File "D:\gam3a\software\Flickr-Testing-\Android App\AndroidMain.py", line 111, in test_no_password
    self.assertTrue(login_page.no_password())
  File "D:\gam3a\software\Flickr-Testing-\Android App\AndroidPage.py", line 66, in no_password
    result = self.driver.find_element(*AndroidLocator.LoginPageLocator.PROFILE)
  File "D:\gam3a\venv\lib\site-packages\appium\webdriver\webdriver.py", line 282, in find_element
    return self.execute(RemoteCommand.FIND_ELEMENT, {'using': by, 'value': value})['value']
  File "D:\gam3a\venv\lib\site-packages\selenium\webdriver\remote\webdriver.py", line 321, in execute
    self.error_handler.check_response(response)
  File "D:\gam3a\venv\lib\site-packages\appium\webdriver\errorhandler.py", line 31, in check_response
    raise wde
  File "D:\gam3a\venv\lib\site-packages\appium\webdriver\errorhandler.py", line 26, in check_response
    super().check_response(response)
  File "D:\gam3a\venv\lib\site-packages\selenium\webdriver\remote\errorhandler.py", line 242, in check_response
    raise exception_class(message, screen, stacktrace)
selenium.common.exceptions.NoSuchElementException: Message: An element could not be located on the page using the given search parameters.

</p>
                            </td>
                        </tr>
                        <tr class='success'>
                            <td class="col-xs-10">test_right_email</td>
                            <td class="col-xs-1">
                                <span class="label label-success" style="display:block;width:40px;">Pass</span>
                            </td>
                            <td class="col-xs-1">
                            </td>
                        </tr>
                        <tr class='success'>
                            <td class="col-xs-10">test_right_email_and_right_password</td>
                            <td class="col-xs-1">
                                <span class="label label-success" style="display:block;width:40px;">Pass</span>
                            </td>
                            <td class="col-xs-1">
                            </td>
                        </tr>
                        <tr class='success'>
                            <td class="col-xs-10">test_wrong_email_and_wrong_password</td>
                            <td class="col-xs-1">
                                <span class="label label-success" style="display:block;width:40px;">Pass</span>
                            </td>
                            <td class="col-xs-1">
                            </td>
                        </tr>
                        <tr class='danger'>
                            <td class="col-xs-10">test_wrong_email_format</td>
                            <td class="col-xs-1">
                                <span class="label label-danger" style="display:block;width:40px;">Fail</span>
                            </td>
                            <td class="col-xs-1">
                                <button class="btn btn-default btn-xs">View</button>
                            </td>
                        </tr>
                        <tr style="display:none;">
                            <td class="col-xs-9" colspan="3"><p style="color:maroon;">AssertionError: None is not true</p><p style="color:maroon;">Traceback (most recent call last):
  File "D:\gam3a\software\Flickr-Testing-\Android App\AndroidMain.py", line 99, in test_wrong_email_format
    self.assertTrue(login_page.wrong_email_format())
AssertionError: None is not true
</p>
                            </td>
                        </tr>
                        <tr class='danger'>
                            <td class="col-xs-10">test_wrong_password</td>
                            <td class="col-xs-1">
                                <span class="label label-danger" style="display:block;width:40px;">Fail</span>
                            </td>
                            <td class="col-xs-1">
                                <button class="btn btn-default btn-xs">View</button>
                            </td>
                        </tr>
                        <tr style="display:none;">
                            <td class="col-xs-9" colspan="3"><p style="color:maroon;">AssertionError: False is not true</p><p style="color:maroon;">Traceback (most recent call last):
  File "D:\gam3a\software\Flickr-Testing-\Android App\AndroidMain.py", line 115, in test_wrong_password
    self.assertTrue(login_page.wrong_password())
AssertionError: False is not true
</p>
                            </td>
                        </tr>
                        <tr>
                            <td colspan="3">
                                Total: 7, Pass: 3, Fail: 3, Error: 1 -- Duration: 199.69 s
                            </td>
                        </tr>
                    </tbody>
                </table>
            </div>
        </div>
    </div>
    <script src="https://ajax.googleapis.com/ajax/libs/jquery/2.2.4/jquery.min.js"></script>
    <script type="text/javascript">
        $(document).ready(function(){
            $('td').on('click', '.btn', function(e){
                e.preventDefault();
                e.stopImmediatePropagation();
                var $this = $(this);
                var $nextRow = $this.closest('tr').next('tr');
                $nextRow.slideToggle("fast");
                $this.text(function(i, text){
                    if (text === 'View') {
                        return 'Hide';
                    } else {
                        return 'View';
                    };
                });
            });
        });
    </script>
</body>
</html