<!DOCTYPE html>
<html>
<head>
    <title>Unittest Results</title>
    <meta charset="utf-8">
    <meta name="viewport" content="width=device-width, initial-scale=1.0">
    <link rel="stylesheet" href="https://maxcdn.bootstrapcdn.com/bootstrap/3.3.6/css/bootstrap.min.css" integrity="sha384-1q8mTJOASx8j1Au+a5WDVnPi2lkFfwwEAa8hDDdjZlpLegxhjVME1fgjWPGmkzs7" crossorigin="anonymous">
</head>
<body>
    <div class="container">
        <div class="row">
            <div class="col-xs-12">
                <h2 class="text-capitalize">Unittest Results</h2>
                <p class='attribute'><strong>Start Time: </strong>2021-05-08 12:32:31</p>
                <p class='attribute'><strong>Duration: </strong>73.03 s</p>
                <p class='attribute'><strong>Summary: </strong>Total: 8, Pass: 1, Error: 7</p>
            </div>
        </div>
        <div class="row">
            <div class="col-xs-12 col-sm-10 col-md-10">
                <table class='table table-hover table-responsive'>
                    <thead>
                        <tr>
                            <th>AndroidMain.FlickrSignupAndroid</th>
                            <th>Status</th>
                            <th></th>
                        </tr>
                    </thead>
                    <tbody>
                        <tr class='warning'>
                            <td class="col-xs-10">test_age</td>
                            <td class="col-xs-1">
                                <span class="label label-warning" style="display:block;width:40px;">Error</span>
                            </td>
                            <td class="col-xs-1">
                                <button class="btn btn-default btn-xs">View</button>
                            </td>
                        </tr>
                        <tr style="display:none;">
                            <td class="col-xs-9" colspan="3"><p style="color:maroon;">NoSuchElementException: Message: An element could not be located on the page using the given search parameters.
</p><p style="color:maroon;">Traceback (most recent call last):
  File "D:\gam3a\software\Flickr-Testing-\Android App\AndroidMain.py", line 191, in test_age
    self.assertTrue(signup_page.age())
  File "D:\gam3a\software\Flickr-Testing-\Android App\AndroidPage.py", line 259, in age
    firstname = self.driver.find_element(*AndroidLocator.SignupPageLocator.FIRST_NAME)
  File "D:\gam3a\venv\lib\site-packages\appium\webdriver\webdriver.py", line 282, in find_element
    return self.execute(RemoteCommand.FIND_ELEMENT, {'using': by, 'value': value})['value']
  File "D:\gam3a\venv\lib\site-packages\selenium\webdriver\remote\webdriver.py", line 321, in execute
    self.error_handler.check_response(response)
  File "D:\gam3a\venv\lib\site-packages\appium\webdriver\errorhandler.py", line 31, in check_response
    raise wde
  File "D:\gam3a\venv\lib\site-packages\appium\webdriver\errorhandler.py", line 26, in check_response
    super().check_response(response)
  File "D:\gam3a\venv\lib\site-packages\selenium\webdriver\remote\errorhandler.py", line 242, in check_response
    raise exception_class(message, screen, stacktrace)
selenium.common.exceptions.NoSuchElementException: Message: An element could not be located on the page using the given search parameters.

</p>
                            </td>
                        </tr>
                        <tr class='warning'>
                            <td class="col-xs-10">test_email</td>
                            <td class="col-xs-1">
                                <span class="label label-warning" style="display:block;width:40px;">Error</span>
                            </td>
                            <td class="col-xs-1">
                                <button class="btn btn-default btn-xs">View</button>
                            </td>
                        </tr>
                        <tr style="display:none;">
                            <td class="col-xs-9" colspan="3"><p style="color:maroon;">NoSuchElementException: Message: An element could not be located on the page using the given search parameters.
</p><p style="color:maroon;">Traceback (most recent call last):
  File "D:\gam3a\software\Flickr-Testing-\Android App\AndroidMain.py", line 195, in test_email
    self.assertTrue(signup_page.email())
  File "D:\gam3a\software\Flickr-Testing-\Android App\AndroidPage.py", line 277, in email
    firstname = self.driver.find_element(*AndroidLocator.SignupPageLocator.FIRST_NAME)
  File "D:\gam3a\venv\lib\site-packages\appium\webdriver\webdriver.py", line 282, in find_element
    return self.execute(RemoteCommand.FIND_ELEMENT, {'using': by, 'value': value})['value']
  File "D:\gam3a\venv\lib\site-packages\selenium\webdriver\remote\webdriver.py", line 321, in execute
    self.error_handler.check_response(response)
  File "D:\gam3a\venv\lib\site-packages\appium\webdriver\errorhandler.py", line 31, in check_response
    raise wde
  File "D:\gam3a\venv\lib\site-packages\appium\webdriver\errorhandler.py", line 26, in check_response
    super().check_response(response)
  File "D:\gam3a\venv\lib\site-packages\selenium\webdriver\remote\errorhandler.py", line 242, in check_response
    raise exception_class(message, screen, stacktrace)
selenium.common.exceptions.NoSuchElementException: Message: An element could not be located on the page using the given search parameters.

</p>
                            </td>
                        </tr>
                        <tr class='success'>
                            <td class="col-xs-10">test_first_name</td>
                            <td class="col-xs-1">
                                <span class="label label-success" style="display:block;width:40px;">Pass</span>
                            </td>
                            <td class="col-xs-1">
                            </td>
                        </tr>
                        <tr class='warning'>
                            <td class="col-xs-10">test_last_name</td>
                            <td class="col-xs-1">
                                <span class="label label-warning" style="display:block;width:40px;">Error</span>
                            </td>
                            <td class="col-xs-1">
                                <button class="btn btn-default btn-xs">View</button>
                            </td>
                        </tr>
                        <tr style="display:none;">
                            <td class="col-xs-9" colspan="3"><p style="color:maroon;">NoSuchElementException: Message: An element could not be located on the page using the given search parameters.
</p><p style="color:maroon;">Traceback (most recent call last):
  File "D:\gam3a\software\Flickr-Testing-\Android App\AndroidMain.py", line 187, in test_last_name
    self.assertTrue(signup_page.last_name())
  File "D:\gam3a\software\Flickr-Testing-\Android App\AndroidPage.py", line 240, in last_name
    firstname = self.driver.find_element(*AndroidLocator.SignupPageLocator.FIRST_NAME)
  File "D:\gam3a\venv\lib\site-packages\appium\webdriver\webdriver.py", line 282, in find_element
    return self.execute(RemoteCommand.FIND_ELEMENT, {'using': by, 'value': value})['value']
  File "D:\gam3a\venv\lib\site-packages\selenium\webdriver\remote\webdriver.py", line 321, in execute
    self.error_handler.check_response(response)
  File "D:\gam3a\venv\lib\site-packages\appium\webdriver\errorhandler.py", line 31, in check_response
    raise wde
  File "D:\gam3a\venv\lib\site-packages\appium\webdriver\errorhandler.py", line 26, in check_response
    super().check_response(response)
  File "D:\gam3a\venv\lib\site-packages\selenium\webdriver\remote\errorhandler.py", line 242, in check_response
    raise exception_class(message, screen, stacktrace)
selenium.common.exceptions.NoSuchElementException: Message: An element could not be located on the page using the given search parameters.

</p>
                            </td>
                        </tr>
                        <tr class='warning'>
                            <td class="col-xs-10">test_password</td>
                            <td class="col-xs-1">
                                <span class="label label-warning" style="display:block;width:40px;">Error</span>
                            </td>
                            <td class="col-xs-1">
                                <button class="btn btn-default btn-xs">View</button>
                            </td>
                        </tr>
                        <tr style="display:none;">
                            <td class="col-xs-9" colspan="3"><p style="color:maroon;">NoSuchElementException: Message: An element could not be located on the page using the given search parameters.
</p><p style="color:maroon;">Traceback (most recent call last):
  File "D:\gam3a\software\Flickr-Testing-\Android App\AndroidMain.py", line 199, in test_password
    self.assertTrue(signup_page.password())
  File "D:\gam3a\software\Flickr-Testing-\Android App\AndroidPage.py", line 295, in password
    firstname = self.driver.find_element(*AndroidLocator.SignupPageLocator.FIRST_NAME)
  File "D:\gam3a\venv\lib\site-packages\appium\webdriver\webdriver.py", line 282, in find_element
    return self.execute(RemoteCommand.FIND_ELEMENT, {'using': by, 'value': value})['value']
  File "D:\gam3a\venv\lib\site-packages\selenium\webdriver\remote\webdriver.py", line 321, in execute
    self.error_handler.check_response(response)
  File "D:\gam3a\venv\lib\site-packages\appium\webdriver\errorhandler.py", line 31, in check_response
    raise wde
  File "D:\gam3a\venv\lib\site-packages\appium\webdriver\errorhandler.py", line 26, in check_response
    super().check_response(response)
  File "D:\gam3a\venv\lib\site-packages\selenium\webdriver\remote\errorhandler.py", line 242, in check_response
    raise exception_class(message, screen, stacktrace)
selenium.common.exceptions.NoSuchElementException: Message: An element could not be located on the page using the given search parameters.

</p>
                            </td>
                        </tr>
                        <tr class='warning'>
                            <td class="col-xs-10">test_valid_age</td>
                            <td class="col-xs-1">
                                <span class="label label-warning" style="display:block;width:40px;">Error</span>
                            </td>
                            <td class="col-xs-1">
                                <button class="btn btn-default btn-xs">View</button>
                            </td>
                        </tr>
                        <tr style="display:none;">
                            <td class="col-xs-9" colspan="3"><p style="color:maroon;">NoSuchElementException: Message: An element could not be located on the page using the given search parameters.
</p><p style="color:maroon;">Traceback (most recent call last):
  File "D:\gam3a\software\Flickr-Testing-\Android App\AndroidMain.py", line 203, in test_valid_age
    self.assertTrue(signup_page.valid_age())
  File "D:\gam3a\software\Flickr-Testing-\Android App\AndroidPage.py", line 312, in valid_age
    age = self.driver.find_element(*AndroidLocator.SignupPageLocator.AGE)
  File "D:\gam3a\venv\lib\site-packages\appium\webdriver\webdriver.py", line 282, in find_element
    return self.execute(RemoteCommand.FIND_ELEMENT, {'using': by, 'value': value})['value']
  File "D:\gam3a\venv\lib\site-packages\selenium\webdriver\remote\webdriver.py", line 321, in execute
    self.error_handler.check_response(response)
  File "D:\gam3a\venv\lib\site-packages\appium\webdriver\errorhandler.py", line 31, in check_response
    raise wde
  File "D:\gam3a\venv\lib\site-packages\appium\webdriver\errorhandler.py", line 26, in check_response
    super().check_response(response)
  File "D:\gam3a\venv\lib\site-packages\selenium\webdriver\remote\errorhandler.py", line 242, in check_response
    raise exception_class(message, screen, stacktrace)
selenium.common.exceptions.NoSuchElementException: Message: An element could not be located on the page using the given search parameters.

</p>
                            </td>
                        </tr>
                        <tr class='warning'>
                            <td class="col-xs-10">test_valid_email</td>
                            <td class="col-xs-1">
                                <span class="label label-warning" style="display:block;width:40px;">Error</span>
                            </td>
                            <td class="col-xs-1">
                                <button class="btn btn-default btn-xs">View</button>
                            </td>
                        </tr>
                        <tr style="display:none;">
                            <td class="col-xs-9" colspan="3"><p style="color:maroon;">NoSuchElementException: Message: An element could not be located on the page using the given search parameters.
</p><p style="color:maroon;">Traceback (most recent call last):
  File "D:\gam3a\software\Flickr-Testing-\Android App\AndroidMain.py", line 207, in test_valid_email
    self.assertTrue(signup_page.valid_email())
  File "D:\gam3a\software\Flickr-Testing-\Android App\AndroidPage.py", line 323, in valid_email
    email = self.driver.find_element(*AndroidLocator.SignupPageLocator.EMAIL)
  File "D:\gam3a\venv\lib\site-packages\appium\webdriver\webdriver.py", line 282, in find_element
    return self.execute(RemoteCommand.FIND_ELEMENT, {'using': by, 'value': value})['value']
  File "D:\gam3a\venv\lib\site-packages\selenium\webdriver\remote\webdriver.py", line 321, in execute
    self.error_handler.check_response(response)
  File "D:\gam3a\venv\lib\site-packages\appium\webdriver\errorhandler.py", line 31, in check_response
    raise wde
  File "D:\gam3a\venv\lib\site-packages\appium\webdriver\errorhandler.py", line 26, in check_response
    super().check_response(response)
  File "D:\gam3a\venv\lib\site-packages\selenium\webdriver\remote\errorhandler.py", line 242, in check_response
    raise exception_class(message, screen, stacktrace)
selenium.common.exceptions.NoSuchElementException: Message: An element could not be located on the page using the given search parameters.

</p>
                            </td>
                        </tr>
                        <tr class='warning'>
                            <td class="col-xs-10">test_valid_password</td>
                            <td class="col-xs-1">
                                <span class="label label-warning" style="display:block;width:40px;">Error</span>
                            </td>
                            <td class="col-xs-1">
                                <button class="btn btn-default btn-xs">View</button>
                            </td>
                        </tr>
                        <tr style="display:none;">
                            <td class="col-xs-9" colspan="3"><p style="color:maroon;">NoSuchElementException: Message: An element could not be located on the page using the given search parameters.
</p><p style="color:maroon;">Traceback (most recent call last):
  File "D:\gam3a\software\Flickr-Testing-\Android App\AndroidMain.py", line 211, in test_valid_password
    self.assertTrue(signup_page.valid_password())
  File "D:\gam3a\software\Flickr-Testing-\Android App\AndroidPage.py", line 334, in valid_password
    password = self.driver.find_element(*AndroidLocator.SignupPageLocator.PASSWORD)
  File "D:\gam3a\venv\lib\site-packages\appium\webdriver\webdriver.py", line 282, in find_element
    return self.execute(RemoteCommand.FIND_ELEMENT, {'using': by, 'value': value})['value']
  File "D:\gam3a\venv\lib\site-packages\selenium\webdriver\remote\webdriver.py", line 321, in execute
    self.error_handler.check_response(response)
  File "D:\gam3a\venv\lib\site-packages\appium\webdriver\errorhandler.py", line 31, in check_response
    raise wde
  File "D:\gam3a\venv\lib\site-packages\appium\webdriver\errorhandler.py", line 26, in check_response
    super().check_response(response)
  File "D:\gam3a\venv\lib\site-packages\selenium\webdriver\remote\errorhandler.py", line 242, in check_response
    raise exception_class(message, screen, stacktrace)
selenium.common.exceptions.NoSuchElementException: Message: An element could not be located on the page using the given search parameters.

</p>
                            </td>
                        </tr>
                        <tr>
                            <td colspan="3">
                                Total: 8, Pass: 1, Error: 7 -- Duration: 73.03 s
                            </td>
                        </tr>
                    </tbody>
                </table>
            </div>
        </div>
    </div>
    <script src="https://ajax.googleapis.com/ajax/libs/jquery/2.2.4/jquery.min.js"></script>
    <script type="text/javascript">
        $(document).ready(function(){
            $('td').on('click', '.btn', function(e){
                e.preventDefault();
                e.stopImmediatePropagation();
                var $this = $(this);
                var $nextRow = $this.closest('tr').next('tr');
                $nextRow.slideToggle("fast");
                $this.text(function(i, text){
                    if (text === 'View') {
                        return 'Hide';
                    } else {
                        return 'View';
                    };
                });
            });
        });
    </script>
</body>
</html